<?xml version="1.0" encoding="UTF-8"?>
<!-- Generated by org.testng.reporters.JUnitReportReporter -->
<testsuite hostname="DESKTOP-MAH6PC0" failures="0" tests="4" name="herokuapp.milestorefour.pagestest.AddRemoveElementsTest" time="48.357" errors="0" timestamp="2026-01-27T19:40:44 IST" skipped="0">
  <testcase classname="herokuapp.milestorefour.pagestest.AddRemoveElementsTest" name="verifyAddRemovePageTitle" time="10.550"/>
  <testcase classname="herokuapp.milestorefour.pagestest.AddRemoveElementsTest" name="verifyAddRemovePageUrl" time="9.959"/>
  <testcase classname="herokuapp.milestorefour.pagestest.AddRemoveElementsTest" name="verifyAddElementFunctionality" time="17.184"/>
  <testcase classname="herokuapp.milestorefour.pagestest.AddRemoveElementsTest" name="verifyDeleteElementFunctionality" time="10.664"/>
</testsuite> <!-- herokuapp.milestorefour.pagestest.AddRemoveElementsTest -->
