<?xml version="1.0" encoding="UTF-8"?>
<!-- Generated by org.testng.reporters.JUnitReportReporter -->
<testsuite hostname="DESKTOP-MAH6PC0" failures="0" tests="6" name="herokuapp.milestorefour.pagestest.ContextMenuTest" time="103.301" errors="0" timestamp="2026-01-26T15:56:53 IST" skipped="0">
  <testcase classname="herokuapp.milestorefour.pagestest.ContextMenuTest" name="verifyContextMenuPageTitle" time="17.503"/>
  <testcase classname="herokuapp.milestorefour.pagestest.ContextMenuTest" name="verifyContextMenuPageTitle" time="21.263"/>
  <testcase classname="herokuapp.milestorefour.pagestest.ContextMenuTest" name="verifyContextMenuPageUrl" time="5.435"/>
  <testcase classname="herokuapp.milestorefour.pagestest.ContextMenuTest" name="verifyContextMenuPageUrl" time="19.476"/>
  <testcase classname="herokuapp.milestorefour.pagestest.ContextMenuTest" name="verifyContextMenuAlertText" time="11.766"/>
  <testcase classname="herokuapp.milestorefour.pagestest.ContextMenuTest" name="verifyContextMenuAlertText" time="27.858"/>
</testsuite> <!-- herokuapp.milestorefour.pagestest.ContextMenuTest -->
