<?xml version="1.0" encoding="UTF-8"?>
<!-- Generated by org.testng.reporters.JUnitReportReporter -->
<testsuite hostname="DESKTOP-MAH6PC0" failures="0" tests="8" name="herokuapp.milestorefour.pagestest.DisappearingElementsTest" time="136.491" errors="0" timestamp="2026-01-26T15:56:53 IST" skipped="0">
  <testcase classname="herokuapp.milestorefour.pagestest.DisappearingElementsTest" name="verifyDisappearingElementsPageTitle" time="11.262"/>
  <testcase classname="herokuapp.milestorefour.pagestest.DisappearingElementsTest" name="verifyDisappearingElementsPageTitle" time="24.281"/>
  <testcase classname="herokuapp.milestorefour.pagestest.DisappearingElementsTest" name="verifyDisappearingElementsPageUrl" time="22.312"/>
  <testcase classname="herokuapp.milestorefour.pagestest.DisappearingElementsTest" name="verifyDisappearingElementsPageUrl" time="11.749"/>
  <testcase classname="herokuapp.milestorefour.pagestest.DisappearingElementsTest" name="verifyMenuItemsPresent" time="9.499"/>
  <testcase classname="herokuapp.milestorefour.pagestest.DisappearingElementsTest" name="verifyMenuItemsPresent" time="19.107"/>
  <testcase classname="herokuapp.milestorefour.pagestest.DisappearingElementsTest" name="verifyGalleryMayDisappear" time="21.946"/>
  <testcase classname="herokuapp.milestorefour.pagestest.DisappearingElementsTest" name="verifyGalleryMayDisappear" time="16.335"/>
</testsuite> <!-- herokuapp.milestorefour.pagestest.DisappearingElementsTest -->
