<?xml version="1.0" encoding="UTF-8"?>
<!-- Generated by org.testng.reporters.JUnitReportReporter -->
<testsuite hostname="DESKTOP-MAH6PC0" failures="0" tests="4" name="herokuapp.milestorefour.pagestest.BasicAuthTest" time="39.808" errors="0" timestamp="2026-01-27T19:40:44 IST" skipped="0">
  <testcase classname="herokuapp.milestorefour.pagestest.BasicAuthTest" name="verifyBasicAuthPageTitle" time="6.571"/>
  <testcase classname="herokuapp.milestorefour.pagestest.BasicAuthTest" name="verifyBasicAuthUrl" time="12.058"/>
  <testcase classname="herokuapp.milestorefour.pagestest.BasicAuthTest" name="verifyBasicAuthSuccessMessage" time="3.938"/>
  <testcase classname="herokuapp.milestorefour.pagestest.BasicAuthTest" name="verifyBasicAuthContentDisplayed" time="17.241"/>
</testsuite> <!-- herokuapp.milestorefour.pagestest.BasicAuthTest -->
