<?xml version="1.0" encoding="UTF-8"?>
<!-- Generated by org.testng.reporters.JUnitReportReporter -->
<testsuite hostname="DESKTOP-MAH6PC0" failures="0" tests="4" name="herokuapp.milestorefour.pagestest.ChallengingDOMTest" time="38.597" errors="0" timestamp="2026-01-27T19:40:44 IST" skipped="0">
  <testcase classname="herokuapp.milestorefour.pagestest.ChallengingDOMTest" name="verifyChallengingDOMPageTitle" time="11.920"/>
  <testcase classname="herokuapp.milestorefour.pagestest.ChallengingDOMTest" name="verifyChallengingDOMPageUrl" time="10.985"/>
  <testcase classname="herokuapp.milestorefour.pagestest.ChallengingDOMTest" name="verifyButtonsClickable" time="11.837"/>
  <testcase classname="herokuapp.milestorefour.pagestest.ChallengingDOMTest" name="verifyTableDataPresent" time="3.855"/>
</testsuite> <!-- herokuapp.milestorefour.pagestest.ChallengingDOMTest -->
