<?xml version="1.0" encoding="UTF-8"?>
<!-- Generated by org.testng.reporters.JUnitReportReporter -->
<testsuite hostname="DESKTOP-MAH6PC0" failures="0" tests="8" name="herokuapp.milestorefour.pagestest.CheckboxesTest" time="124.642" errors="0" timestamp="2026-01-26T15:56:53 IST" skipped="0">
  <testcase classname="herokuapp.milestorefour.pagestest.CheckboxesTest" name="verifyCheckboxesPageTitle" time="13.594"/>
  <testcase classname="herokuapp.milestorefour.pagestest.CheckboxesTest" name="verifyCheckboxesPageTitle" time="19.534"/>
  <testcase classname="herokuapp.milestorefour.pagestest.CheckboxesTest" name="verifyCheckboxesPageUrl" time="7.997"/>
  <testcase classname="herokuapp.milestorefour.pagestest.CheckboxesTest" name="verifyCheckboxesPageUrl" time="23.759"/>
  <testcase classname="herokuapp.milestorefour.pagestest.CheckboxesTest" name="verifyCheckboxCount" time="13.894"/>
  <testcase classname="herokuapp.milestorefour.pagestest.CheckboxesTest" name="verifyCheckboxCount" time="18.443"/>
  <testcase classname="herokuapp.milestorefour.pagestest.CheckboxesTest" name="verifyCheckboxSelection" time="10.048"/>
  <testcase classname="herokuapp.milestorefour.pagestest.CheckboxesTest" name="verifyCheckboxSelection" time="17.373"/>
</testsuite> <!-- herokuapp.milestorefour.pagestest.CheckboxesTest -->
