<?xml version="1.0" encoding="UTF-8"?>
<!-- Generated by org.testng.reporters.JUnitReportReporter -->
<testsuite hostname="DESKTOP-MAH6PC0" failures="0" tests="6" name="herokuapp.milestorefour.pagestest.DragAndDropTest" time="93.904" errors="0" timestamp="2026-01-26T15:56:53 IST" skipped="0">
  <testcase classname="herokuapp.milestorefour.pagestest.DragAndDropTest" name="verifyDragAndDropPageTitle" time="6.368"/>
  <testcase classname="herokuapp.milestorefour.pagestest.DragAndDropTest" name="verifyDragAndDropPageTitle" time="19.009"/>
  <testcase classname="herokuapp.milestorefour.pagestest.DragAndDropTest" name="verifyDragAndDropPageUrl" time="7.644"/>
  <testcase classname="herokuapp.milestorefour.pagestest.DragAndDropTest" name="verifyDragAndDropPageUrl" time="31.790"/>
  <testcase classname="herokuapp.milestorefour.pagestest.DragAndDropTest" name="verifyDragAndDropFunctionality" time="16.014"/>
  <testcase classname="herokuapp.milestorefour.pagestest.DragAndDropTest" name="verifyDragAndDropFunctionality" time="13.079"/>
</testsuite> <!-- herokuapp.milestorefour.pagestest.DragAndDropTest -->
