<?xml version="1.0" encoding="UTF-8"?>
<!-- Generated by org.testng.reporters.JUnitReportReporter -->
<testsuite hostname="DESKTOP-MAH6PC0" failures="0" tests="4" name="herokuapp.milestorefour.pagestest.BrokenImagesTest" time="37.918" errors="0" timestamp="2026-01-27T19:40:44 IST" skipped="0">
  <testcase classname="herokuapp.milestorefour.pagestest.BrokenImagesTest" name="verifyBrokenImagesPageTitle" time="10.153"/>
  <testcase classname="herokuapp.milestorefour.pagestest.BrokenImagesTest" name="verifyBrokenImagesPageUrl" time="6.089"/>
  <testcase classname="herokuapp.milestorefour.pagestest.BrokenImagesTest" name="verifyImagesPresentOnPage" time="11.949"/>
  <testcase classname="herokuapp.milestorefour.pagestest.BrokenImagesTest" name="verifyBrokenImagesCount" time="9.727"/>
</testsuite> <!-- herokuapp.milestorefour.pagestest.BrokenImagesTest -->
