<?xml version="1.0" encoding="UTF-8"?>
<!-- Generated by org.testng.reporters.JUnitReportReporter -->
<testsuite hostname="DESKTOP-MAH6PC0" failures="0" tests="4" name="herokuapp.milestorefour.pagestest.ABTestingTest" time="40.683" errors="0" timestamp="2026-01-27T19:40:44 IST" skipped="0">
  <testcase classname="herokuapp.milestorefour.pagestest.ABTestingTest" name="verifyABTestPageTitle" time="13.339"/>
  <testcase classname="herokuapp.milestorefour.pagestest.ABTestingTest" name="verifyABTestHeader" time="10.260"/>
  <testcase classname="herokuapp.milestorefour.pagestest.ABTestingTest" name="verifyABTestLink" time="13.195"/>
  <testcase classname="herokuapp.milestorefour.pagestest.ABTestingTest" name="verifyABTestContent" time="3.889"/>
</testsuite> <!-- herokuapp.milestorefour.pagestest.ABTestingTest -->
