<?xml version="1.0" encoding="UTF-8"?>
<!-- Generated by org.testng.reporters.JUnitXMLReporter -->
<testsuite ignored="0" hostname="DESKTOP-MAH6PC0" failures="0" tests="38" name="Chrome Test" time="467.802" errors="0" timestamp="2026-01-26T15:49:11 IST">
  <testcase classname="herokuapp.milestorefour.pagestest.ABTestingTest" name="verifyABTestPageTitle" time="9.477"/>
  <testcase classname="herokuapp.milestorefour.pagestest.AddRemoveElementsTest" name="verifyAddRemovePageTitle" time="0.871"/>
  <testcase classname="herokuapp.milestorefour.pagestest.BasicAuthTest" name="verifyBasicAuthPageTitle" time="6.771"/>
  <testcase classname="herokuapp.milestorefour.pagestest.BrokenImagesTest" name="verifyBrokenImagesPageTitle" time="3.414"/>
  <testcase classname="herokuapp.milestorefour.pagestest.ChallengingDOMTest" name="verifyChallengingDOMPageTitle" time="0.969"/>
  <testcase classname="herokuapp.milestorefour.pagestest.CheckboxesTest" name="verifyCheckboxesPageTitle" time="1.008"/>
  <testcase classname="herokuapp.milestorefour.pagestest.ContextMenuTest" name="verifyContextMenuPageTitle" time="3.425"/>
  <testcase classname="herokuapp.milestorefour.pagestest.DigestAuthTest" name="verifyDigestAuthPageTitle" time="0.832"/>
  <testcase classname="herokuapp.milestorefour.pagestest.DisappearingElementsTest" name="verifyDisappearingElementsPageTitle" time="0.819"/>
  <testcase classname="herokuapp.milestorefour.pagestest.DragAndDropTest" name="verifyDragAndDropPageTitle" time="0.412"/>
  <testcase classname="herokuapp.milestorefour.pagestest.ABTestingTest" name="verifyABTestHeader" time="9.521"/>
  <testcase classname="herokuapp.milestorefour.pagestest.AddRemoveElementsTest" name="verifyAddRemovePageUrl" time="0.671"/>
  <testcase classname="herokuapp.milestorefour.pagestest.BasicAuthTest" name="verifyBasicAuthUrl" time="3.666"/>
  <testcase classname="herokuapp.milestorefour.pagestest.BrokenImagesTest" name="verifyBrokenImagesPageUrl" time="0.791"/>
  <testcase classname="herokuapp.milestorefour.pagestest.ChallengingDOMTest" name="verifyChallengingDOMPageUrl" time="1.483"/>
  <testcase classname="herokuapp.milestorefour.pagestest.CheckboxesTest" name="verifyCheckboxesPageUrl" time="0.891"/>
  <testcase classname="herokuapp.milestorefour.pagestest.ContextMenuTest" name="verifyContextMenuPageUrl" time="1.143"/>
  <testcase classname="herokuapp.milestorefour.pagestest.DigestAuthTest" name="verifyDigestAuthPageUrl" time="0.746"/>
  <testcase classname="herokuapp.milestorefour.pagestest.DisappearingElementsTest" name="verifyDisappearingElementsPageUrl" time="0.499"/>
  <testcase classname="herokuapp.milestorefour.pagestest.DragAndDropTest" name="verifyDragAndDropPageUrl" time="0.49"/>
  <testcase classname="herokuapp.milestorefour.pagestest.ABTestingTest" name="verifyABTestLink" time="0.664"/>
  <testcase classname="herokuapp.milestorefour.pagestest.AddRemoveElementsTest" name="verifyAddElementFunctionality" time="1.244"/>
  <testcase classname="herokuapp.milestorefour.pagestest.BasicAuthTest" name="verifyBasicAuthSuccessMessage" time="0.874"/>
  <testcase classname="herokuapp.milestorefour.pagestest.ChallengingDOMTest" name="verifyButtonsClickable" time="3.691"/>
  <testcase classname="herokuapp.milestorefour.pagestest.CheckboxesTest" name="verifyCheckboxCount" time="0.442"/>
  <testcase classname="herokuapp.milestorefour.pagestest.ContextMenuTest" name="verifyContextMenuAlertText" time="0.726"/>
  <testcase classname="herokuapp.milestorefour.pagestest.DigestAuthTest" name="verifyDigestAuthSuccessMessage" time="0.932"/>
  <testcase classname="herokuapp.milestorefour.pagestest.DragAndDropTest" name="verifyDragAndDropFunctionality" time="1.67"/>
  <testcase classname="herokuapp.milestorefour.pagestest.BrokenImagesTest" name="verifyImagesPresentOnPage" time="5.237"/>
  <testcase classname="herokuapp.milestorefour.pagestest.DisappearingElementsTest" name="verifyMenuItemsPresent" time="4.509"/>
  <testcase classname="herokuapp.milestorefour.pagestest.ABTestingTest" name="verifyABTestContent" time="0.936"/>
  <testcase classname="herokuapp.milestorefour.pagestest.BasicAuthTest" name="verifyBasicAuthContentDisplayed" time="5.05"/>
  <testcase classname="herokuapp.milestorefour.pagestest.BrokenImagesTest" name="verifyBrokenImagesCount" time="4.319"/>
  <testcase classname="herokuapp.milestorefour.pagestest.CheckboxesTest" name="verifyCheckboxSelection" time="3.022"/>
  <testcase classname="herokuapp.milestorefour.pagestest.AddRemoveElementsTest" name="verifyDeleteElementFunctionality" time="1.059"/>
  <testcase classname="herokuapp.milestorefour.pagestest.DigestAuthTest" name="verifyDigestAuthContentDisplayed" time="1.457"/>
  <testcase classname="herokuapp.milestorefour.pagestest.DisappearingElementsTest" name="verifyGalleryMayDisappear" time="0.684"/>
  <testcase classname="herokuapp.milestorefour.pagestest.ChallengingDOMTest" name="verifyTableDataPresent" time="0.978"/>
</testsuite> <!-- Chrome Test -->
