<html>
<head>
<title>TestNG:  Firefox Test</title>
<link href="../testng.css" rel="stylesheet" type="text/css" />
<link href="../my-testng.css" rel="stylesheet" type="text/css" />

<style type="text/css">
.log { display: none;} 
.stack-trace { display: none;} 
</style>
<script type="text/javascript">
<!--
function flip(e) {
  current = e.style.display;
  if (current == 'block') {
    e.style.display = 'none';
    return 0;
  }
  else {
    e.style.display = 'block';
    return 1;
  }
}

function toggleBox(szDivId, elem, msg1, msg2)
{
  var res = -1;  if (document.getElementById) {
    res = flip(document.getElementById(szDivId));
  }
  else if (document.all) {
    // this is the way old msie versions work
    res = flip(document.all[szDivId]);
  }
  if(elem) {
    if(res == 0) elem.innerHTML = msg1; else elem.innerHTML = msg2;
  }

}

function toggleAllBoxes() {
  if (document.getElementsByTagName) {
    d = document.getElementsByTagName('div');
    for (i = 0; i < d.length; i++) {
      if (d[i].className == 'log') {
        flip(d[i]);
      }
    }
  }
}

// -->
</script>

</head>
<body>
<h2 align='center'>Firefox Test</h2><table border='1' align="center">
<tr>
<td>Tests passed/Failed/Skipped:</td><td>37/1/0</td>
</tr><tr>
<td>Started on:</td><td>Mon Jan 26 15:41:23 IST 2026</td>
</tr>
<tr><td>Total time:</td><td>926 seconds (926890 ms)</td>
</tr><tr>
<td>Included groups:</td><td></td>
</tr><tr>
<td>Excluded groups:</td><td></td>
</tr>
</table><p/>
<small><i>(Hover the method name to see the test class name)</i></small><p/>
<table width='100%' border='1' class='invocation-failed'>
<tr><td colspan='4' align='center'><b>FAILED TESTS</b></td></tr>
<tr><td><b>Test method</b></td>
<td><b>Attribute(s)</b></td>
<td width="30%"><b>Exception</b></td>
<td width="10%"><b>Time (seconds)</b></td>
<td><b>Instance</b></td>
</tr>
<tr>
<td title='herokuapp.milestorefour.pagestest.DigestAuthTest.verifyDigestAuthContentDisplayed()'><b>verifyDigestAuthContentDisplayed</b><br>Test class: herokuapp.milestorefour.pagestest.DigestAuthTest</td>
<td><div><pre>org.openqa.selenium.NoSuchElementException: Unable to locate element: p
For documentation on this error, please visit: https://www.selenium.dev/documentation/webdriver/troubleshooting/errors#nosuchelementexception
Build info: version: &apos;4.38.0&apos;, revision: &apos;6b412e825c*&apos;
System info: os.name: &apos;Windows 10&apos;, os.arch: &apos;amd64&apos;, os.version: &apos;10.0&apos;, java.version: &apos;22.0.1&apos;
Driver info: org.openqa.selenium.firefox.FirefoxDriver
Command: [89801d5d-a757-4ebf-8558-c9487950486c, findElement {value=p, using=tag name}]
Capabilities {acceptInsecureCerts: true, browserName: firefox, browserVersion: 146.0.1, moz:accessibilityChecks: false, moz:buildID: 20251217121356, moz:geckodriverVersion: 0.36.0, moz:headless: false, moz:platformVersion: 10.0, moz:processID: 16768, moz:profile: C:\Users\HARSHK~1\AppData\L..., moz:shutdownTimeout: 60000, moz:webdriverClick: true, moz:windowless: false, pageLoadStrategy: normal, platformName: windows, proxy: Proxy(), setWindowRect: true, strictFileInteractability: false, timeouts: {implicit: 0, pageLoad: 300000, script: 30000}, unhandledPromptBehavior: dismiss and notify, userAgent: Mozilla/5.0 (Windows NT 10....}
Session ID: 89801d5d-a757-4ebf-8558-c9487950486c
	at org.openqa.selenium.remote.ErrorCodec.decode(ErrorCodec.java:167)
	at org.openqa.selenium.remote.codec.w3c.W3CHttpResponseCodec.decode(W3CHttpResponseCodec.java:138)
	at org.openqa.selenium.remote.codec.w3c.W3CHttpResponseCodec.decode(W3CHttpResponseCodec.java:50)
	at org.openqa.selenium.remote.HttpCommandExecutor.execute(HttpCommandExecutor.java:215)
	at org.openqa.selenium.remote.service.DriverCommandExecutor.invokeExecute(DriverCommandExecutor.java:216)
	at org.openqa.selenium.remote.service.DriverCommandExecutor.execute(DriverCommandExecutor.java:174)
	at org.openqa.selenium.remote.RemoteWebDriver.execute(RemoteWebDriver.java:557)
	at org.openqa.selenium.remote.ElementLocation$ElementFinder$2.findElement(ElementLocation.java:165)
	at org.openqa.selenium.remote.ElementLocation.findElement(ElementLocation.java:59)
	at org.openqa.selenium.remote.RemoteWebDriver.findElement(RemoteWebDriver.java:380)
	at org.openqa.selenium.remote.RemoteWebDriver.findElement(RemoteWebDriver.java:374)
	at org.openqa.selenium.support.pagefactory.DefaultElementLocator.findElement(DefaultElementLocator.java:68)
	at org.openqa.selenium.support.pagefactory.internal.LocatingElementHandler.invoke(LocatingElementHandler.java:38)
	at jdk.proxy2/jdk.proxy2.$Proxy19.isDisplayed(Unknown Source)
	at herokuapp.milestorefour.pages.DigestAuthPage.isSuccessMessageDisplayed(DigestAuthPage.java:42)
	at herokuapp.milestorefour.pagestest.DigestAuthTest.verifyDigestAuthContentDisplayed(DigestAuthTest.java:43)
	at java.base/java.util.ArrayList.forEach(ArrayList.java:1597)
	at java.base/java.util.concurrent.FutureTask.run(FutureTask.java:317)
	at java.base/java.util.concurrent.ThreadPoolExecutor.runWorker(ThreadPoolExecutor.java:1144)
	at java.base/java.util.concurrent.ThreadPoolExecutor$Worker.run(ThreadPoolExecutor.java:642)
	at java.base/java.lang.Thread.run(Thread.java:1570)
... Removed 18 stack frames</pre></div><a href='#' onClick='toggleBox("stack-trace173141013", this, "Click to show all stack frames", "Click to hide stack frames")'>Click to show all stack frames</a>
<div class='stack-trace' id='stack-trace173141013'><pre>org.openqa.selenium.NoSuchElementException: Unable to locate element: p
For documentation on this error, please visit: https://www.selenium.dev/documentation/webdriver/troubleshooting/errors#nosuchelementexception
Build info: version: &apos;4.38.0&apos;, revision: &apos;6b412e825c*&apos;
System info: os.name: &apos;Windows 10&apos;, os.arch: &apos;amd64&apos;, os.version: &apos;10.0&apos;, java.version: &apos;22.0.1&apos;
Driver info: org.openqa.selenium.firefox.FirefoxDriver
Command: [89801d5d-a757-4ebf-8558-c9487950486c, findElement {value=p, using=tag name}]
Capabilities {acceptInsecureCerts: true, browserName: firefox, browserVersion: 146.0.1, moz:accessibilityChecks: false, moz:buildID: 20251217121356, moz:geckodriverVersion: 0.36.0, moz:headless: false, moz:platformVersion: 10.0, moz:processID: 16768, moz:profile: C:\Users\HARSHK~1\AppData\L..., moz:shutdownTimeout: 60000, moz:webdriverClick: true, moz:windowless: false, pageLoadStrategy: normal, platformName: windows, proxy: Proxy(), setWindowRect: true, strictFileInteractability: false, timeouts: {implicit: 0, pageLoad: 300000, script: 30000}, unhandledPromptBehavior: dismiss and notify, userAgent: Mozilla/5.0 (Windows NT 10....}
Session ID: 89801d5d-a757-4ebf-8558-c9487950486c
	at java.base/jdk.internal.reflect.DirectConstructorHandleAccessor.newInstance(DirectConstructorHandleAccessor.java:62)
	at java.base/java.lang.reflect.Constructor.newInstanceWithCaller(Constructor.java:502)
	at java.base/java.lang.reflect.Constructor.newInstance(Constructor.java:486)
	at org.openqa.selenium.remote.ErrorCodec.decode(ErrorCodec.java:167)
	at org.openqa.selenium.remote.codec.w3c.W3CHttpResponseCodec.decode(W3CHttpResponseCodec.java:138)
	at org.openqa.selenium.remote.codec.w3c.W3CHttpResponseCodec.decode(W3CHttpResponseCodec.java:50)
	at org.openqa.selenium.remote.HttpCommandExecutor.execute(HttpCommandExecutor.java:215)
	at org.openqa.selenium.remote.service.DriverCommandExecutor.invokeExecute(DriverCommandExecutor.java:216)
	at org.openqa.selenium.remote.service.DriverCommandExecutor.execute(DriverCommandExecutor.java:174)
	at org.openqa.selenium.remote.RemoteWebDriver.execute(RemoteWebDriver.java:557)
	at org.openqa.selenium.remote.ElementLocation$ElementFinder$2.findElement(ElementLocation.java:165)
	at org.openqa.selenium.remote.ElementLocation.findElement(ElementLocation.java:59)
	at org.openqa.selenium.remote.RemoteWebDriver.findElement(RemoteWebDriver.java:380)
	at org.openqa.selenium.remote.RemoteWebDriver.findElement(RemoteWebDriver.java:374)
	at org.openqa.selenium.support.pagefactory.DefaultElementLocator.findElement(DefaultElementLocator.java:68)
	at org.openqa.selenium.support.pagefactory.internal.LocatingElementHandler.invoke(LocatingElementHandler.java:38)
	at jdk.proxy2/jdk.proxy2.$Proxy19.isDisplayed(Unknown Source)
	at herokuapp.milestorefour.pages.DigestAuthPage.isSuccessMessageDisplayed(DigestAuthPage.java:42)
	at herokuapp.milestorefour.pagestest.DigestAuthTest.verifyDigestAuthContentDisplayed(DigestAuthTest.java:43)
	at java.base/jdk.internal.reflect.DirectMethodHandleAccessor.invoke(DirectMethodHandleAccessor.java:103)
	at java.base/java.lang.reflect.Method.invoke(Method.java:580)
	at org.testng.internal.invokers.MethodInvocationHelper.invokeMethod(MethodInvocationHelper.java:141)
	at org.testng.internal.invokers.TestInvoker.invokeMethod(TestInvoker.java:686)
	at org.testng.internal.invokers.TestInvoker.invokeTestMethod(TestInvoker.java:230)
	at org.testng.internal.invokers.MethodRunner.runInSequence(MethodRunner.java:63)
	at org.testng.internal.invokers.TestInvoker$MethodInvocationAgent.invoke(TestInvoker.java:992)
	at org.testng.internal.invokers.TestInvoker.invokeTestMethods(TestInvoker.java:203)
	at org.testng.internal.invokers.TestMethodWorker.invokeTestMethods(TestMethodWorker.java:154)
	at org.testng.internal.invokers.TestMethodWorker.run(TestMethodWorker.java:134)
	at java.base/java.util.ArrayList.forEach(ArrayList.java:1597)
	at org.testng.TestRunner.privateRun(TestRunner.java:739)
	at org.testng.TestRunner.run(TestRunner.java:614)
	at org.testng.SuiteRunner.runTest(SuiteRunner.java:421)
	at org.testng.SuiteRunner$SuiteWorker.run(SuiteRunner.java:463)
	at org.testng.internal.thread.ThreadUtil.lambda$execute$0(ThreadUtil.java:64)
	at java.base/java.util.concurrent.FutureTask.run(FutureTask.java:317)
	at java.base/java.util.concurrent.ThreadPoolExecutor.runWorker(ThreadPoolExecutor.java:1144)
	at java.base/java.util.concurrent.ThreadPoolExecutor$Worker.run(ThreadPoolExecutor.java:642)
	at java.base/java.lang.Thread.run(Thread.java:1570)
</pre></div></td>
<td>51</td>
<td>herokuapp.milestorefour.pagestest.DigestAuthTest@2a266d09</td></tr>
</table><p>
<table width='100%' border='1' class='invocation-passed'>
<tr><td colspan='4' align='center'><b>PASSED TESTS</b></td></tr>
<tr><td><b>Test method</b></td>
<td><b>Attribute(s)</b></td>
<td width="30%"><b>Exception</b></td>
<td width="10%"><b>Time (seconds)</b></td>
<td><b>Instance</b></td>
</tr>
<tr>
<td title='herokuapp.milestorefour.pagestest.DisappearingElementsTest.verifyGalleryMayDisappear()'><b>verifyGalleryMayDisappear</b><br>Test class: herokuapp.milestorefour.pagestest.DisappearingElementsTest</td>
<td></td>
<td>0</td>
<td>herokuapp.milestorefour.pagestest.DisappearingElementsTest@5ab9e72c</td></tr>
<tr>
<td title='herokuapp.milestorefour.pagestest.CheckboxesTest.verifyCheckboxSelection()'><b>verifyCheckboxSelection</b><br>Test class: herokuapp.milestorefour.pagestest.CheckboxesTest</td>
<td></td>
<td>0</td>
<td>herokuapp.milestorefour.pagestest.CheckboxesTest@50caa560</td></tr>
<tr>
<td title='herokuapp.milestorefour.pagestest.DragAndDropTest.verifyDragAndDropPageTitle()'><b>verifyDragAndDropPageTitle</b><br>Test class: herokuapp.milestorefour.pagestest.DragAndDropTest</td>
<td></td>
<td>0</td>
<td>herokuapp.milestorefour.pagestest.DragAndDropTest@1d8bd0de</td></tr>
<tr>
<td title='herokuapp.milestorefour.pagestest.ContextMenuTest.verifyContextMenuPageUrl()'><b>verifyContextMenuPageUrl</b><br>Test class: herokuapp.milestorefour.pagestest.ContextMenuTest</td>
<td></td>
<td>0</td>
<td>herokuapp.milestorefour.pagestest.ContextMenuTest@186f8716</td></tr>
<tr>
<td title='herokuapp.milestorefour.pagestest.ChallengingDOMTest.verifyChallengingDOMPageUrl()'><b>verifyChallengingDOMPageUrl</b><br>Test class: herokuapp.milestorefour.pagestest.ChallengingDOMTest</td>
<td></td>
<td>0</td>
<td>herokuapp.milestorefour.pagestest.ChallengingDOMTest@568ff82</td></tr>
<tr>
<td title='herokuapp.milestorefour.pagestest.AddRemoveElementsTest.verifyAddElementFunctionality()'><b>verifyAddElementFunctionality</b><br>Test class: herokuapp.milestorefour.pagestest.AddRemoveElementsTest</td>
<td></td>
<td>0</td>
<td>herokuapp.milestorefour.pagestest.AddRemoveElementsTest@1018bde2</td></tr>
<tr>
<td title='herokuapp.milestorefour.pagestest.BrokenImagesTest.verifyBrokenImagesCount()'><b>verifyBrokenImagesCount</b><br>Test class: herokuapp.milestorefour.pagestest.BrokenImagesTest</td>
<td></td>
<td>5</td>
<td>herokuapp.milestorefour.pagestest.BrokenImagesTest@f2ff811</td></tr>
<tr>
<td title='herokuapp.milestorefour.pagestest.CheckboxesTest.verifyCheckboxesPageTitle()'><b>verifyCheckboxesPageTitle</b><br>Test class: herokuapp.milestorefour.pagestest.CheckboxesTest</td>
<td></td>
<td>0</td>
<td>herokuapp.milestorefour.pagestest.CheckboxesTest@50caa560</td></tr>
<tr>
<td title='herokuapp.milestorefour.pagestest.DisappearingElementsTest.verifyDisappearingElementsPageTitle()'><b>verifyDisappearingElementsPageTitle</b><br>Test class: herokuapp.milestorefour.pagestest.DisappearingElementsTest</td>
<td></td>
<td>0</td>
<td>herokuapp.milestorefour.pagestest.DisappearingElementsTest@5ab9e72c</td></tr>
<tr>
<td title='herokuapp.milestorefour.pagestest.ChallengingDOMTest.verifyTableDataPresent()'><b>verifyTableDataPresent</b><br>Test class: herokuapp.milestorefour.pagestest.ChallengingDOMTest</td>
<td></td>
<td>0</td>
<td>herokuapp.milestorefour.pagestest.ChallengingDOMTest@568ff82</td></tr>
<tr>
<td title='herokuapp.milestorefour.pagestest.DragAndDropTest.verifyDragAndDropPageUrl()'><b>verifyDragAndDropPageUrl</b><br>Test class: herokuapp.milestorefour.pagestest.DragAndDropTest</td>
<td></td>
<td>0</td>
<td>herokuapp.milestorefour.pagestest.DragAndDropTest@1d8bd0de</td></tr>
<tr>
<td title='herokuapp.milestorefour.pagestest.BasicAuthTest.verifyBasicAuthPageTitle()'><b>verifyBasicAuthPageTitle</b><br>Test class: herokuapp.milestorefour.pagestest.BasicAuthTest</td>
<td></td>
<td>6</td>
<td>herokuapp.milestorefour.pagestest.BasicAuthTest@65b3f4a4</td></tr>
<tr>
<td title='herokuapp.milestorefour.pagestest.ABTestingTest.verifyABTestContent()'><b>verifyABTestContent</b><br>Test class: herokuapp.milestorefour.pagestest.ABTestingTest</td>
<td></td>
<td>0</td>
<td>herokuapp.milestorefour.pagestest.ABTestingTest@2f54a33d</td></tr>
<tr>
<td title='herokuapp.milestorefour.pagestest.DigestAuthTest.verifyDigestAuthPageUrl()'><b>verifyDigestAuthPageUrl</b><br>Test class: herokuapp.milestorefour.pagestest.DigestAuthTest</td>
<td></td>
<td>4</td>
<td>herokuapp.milestorefour.pagestest.DigestAuthTest@2a266d09</td></tr>
<tr>
<td title='herokuapp.milestorefour.pagestest.DragAndDropTest.verifyDragAndDropFunctionality()'><b>verifyDragAndDropFunctionality</b><br>Test class: herokuapp.milestorefour.pagestest.DragAndDropTest</td>
<td></td>
<td>0</td>
<td>herokuapp.milestorefour.pagestest.DragAndDropTest@1d8bd0de</td></tr>
<tr>
<td title='herokuapp.milestorefour.pagestest.ChallengingDOMTest.verifyButtonsClickable()'><b>verifyButtonsClickable</b><br>Test class: herokuapp.milestorefour.pagestest.ChallengingDOMTest</td>
<td></td>
<td>4</td>
<td>herokuapp.milestorefour.pagestest.ChallengingDOMTest@568ff82</td></tr>
<tr>
<td title='herokuapp.milestorefour.pagestest.ContextMenuTest.verifyContextMenuPageTitle()'><b>verifyContextMenuPageTitle</b><br>Test class: herokuapp.milestorefour.pagestest.ContextMenuTest</td>
<td></td>
<td>0</td>
<td>herokuapp.milestorefour.pagestest.ContextMenuTest@186f8716</td></tr>
<tr>
<td title='herokuapp.milestorefour.pagestest.BrokenImagesTest.verifyImagesPresentOnPage()'><b>verifyImagesPresentOnPage</b><br>Test class: herokuapp.milestorefour.pagestest.BrokenImagesTest</td>
<td></td>
<td>0</td>
<td>herokuapp.milestorefour.pagestest.BrokenImagesTest@f2ff811</td></tr>
<tr>
<td title='herokuapp.milestorefour.pagestest.ABTestingTest.verifyABTestHeader()'><b>verifyABTestHeader</b><br>Test class: herokuapp.milestorefour.pagestest.ABTestingTest</td>
<td></td>
<td>0</td>
<td>herokuapp.milestorefour.pagestest.ABTestingTest@2f54a33d</td></tr>
<tr>
<td title='herokuapp.milestorefour.pagestest.ChallengingDOMTest.verifyChallengingDOMPageTitle()'><b>verifyChallengingDOMPageTitle</b><br>Test class: herokuapp.milestorefour.pagestest.ChallengingDOMTest</td>
<td></td>
<td>0</td>
<td>herokuapp.milestorefour.pagestest.ChallengingDOMTest@568ff82</td></tr>
<tr>
<td title='herokuapp.milestorefour.pagestest.DigestAuthTest.verifyDigestAuthPageTitle()'><b>verifyDigestAuthPageTitle</b><br>Test class: herokuapp.milestorefour.pagestest.DigestAuthTest</td>
<td></td>
<td>3</td>
<td>herokuapp.milestorefour.pagestest.DigestAuthTest@2a266d09</td></tr>
<tr>
<td title='herokuapp.milestorefour.pagestest.ABTestingTest.verifyABTestPageTitle()'><b>verifyABTestPageTitle</b><br>Test class: herokuapp.milestorefour.pagestest.ABTestingTest</td>
<td></td>
<td>1</td>
<td>herokuapp.milestorefour.pagestest.ABTestingTest@2f54a33d</td></tr>
<tr>
<td title='herokuapp.milestorefour.pagestest.CheckboxesTest.verifyCheckboxesPageUrl()'><b>verifyCheckboxesPageUrl</b><br>Test class: herokuapp.milestorefour.pagestest.CheckboxesTest</td>
<td></td>
<td>0</td>
<td>herokuapp.milestorefour.pagestest.CheckboxesTest@50caa560</td></tr>
<tr>
<td title='herokuapp.milestorefour.pagestest.AddRemoveElementsTest.verifyAddRemovePageTitle()'><b>verifyAddRemovePageTitle</b><br>Test class: herokuapp.milestorefour.pagestest.AddRemoveElementsTest</td>
<td></td>
<td>0</td>
<td>herokuapp.milestorefour.pagestest.AddRemoveElementsTest@1018bde2</td></tr>
<tr>
<td title='herokuapp.milestorefour.pagestest.BrokenImagesTest.verifyBrokenImagesPageTitle()'><b>verifyBrokenImagesPageTitle</b><br>Test class: herokuapp.milestorefour.pagestest.BrokenImagesTest</td>
<td></td>
<td>0</td>
<td>herokuapp.milestorefour.pagestest.BrokenImagesTest@f2ff811</td></tr>
<tr>
<td title='herokuapp.milestorefour.pagestest.DigestAuthTest.verifyDigestAuthSuccessMessage()'><b>verifyDigestAuthSuccessMessage</b><br>Test class: herokuapp.milestorefour.pagestest.DigestAuthTest</td>
<td></td>
<td>8</td>
<td>herokuapp.milestorefour.pagestest.DigestAuthTest@2a266d09</td></tr>
<tr>
<td title='herokuapp.milestorefour.pagestest.ABTestingTest.verifyABTestLink()'><b>verifyABTestLink</b><br>Test class: herokuapp.milestorefour.pagestest.ABTestingTest</td>
<td></td>
<td>0</td>
<td>herokuapp.milestorefour.pagestest.ABTestingTest@2f54a33d</td></tr>
<tr>
<td title='herokuapp.milestorefour.pagestest.CheckboxesTest.verifyCheckboxCount()'><b>verifyCheckboxCount</b><br>Test class: herokuapp.milestorefour.pagestest.CheckboxesTest</td>
<td></td>
<td>0</td>
<td>herokuapp.milestorefour.pagestest.CheckboxesTest@50caa560</td></tr>
<tr>
<td title='herokuapp.milestorefour.pagestest.AddRemoveElementsTest.verifyAddRemovePageUrl()'><b>verifyAddRemovePageUrl</b><br>Test class: herokuapp.milestorefour.pagestest.AddRemoveElementsTest</td>
<td></td>
<td>0</td>
<td>herokuapp.milestorefour.pagestest.AddRemoveElementsTest@1018bde2</td></tr>
<tr>
<td title='herokuapp.milestorefour.pagestest.BasicAuthTest.verifyBasicAuthUrl()'><b>verifyBasicAuthUrl</b><br>Test class: herokuapp.milestorefour.pagestest.BasicAuthTest</td>
<td></td>
<td>7</td>
<td>herokuapp.milestorefour.pagestest.BasicAuthTest@65b3f4a4</td></tr>
<tr>
<td title='herokuapp.milestorefour.pagestest.DisappearingElementsTest.verifyDisappearingElementsPageUrl()'><b>verifyDisappearingElementsPageUrl</b><br>Test class: herokuapp.milestorefour.pagestest.DisappearingElementsTest</td>
<td></td>
<td>0</td>
<td>herokuapp.milestorefour.pagestest.DisappearingElementsTest@5ab9e72c</td></tr>
<tr>
<td title='herokuapp.milestorefour.pagestest.ContextMenuTest.verifyContextMenuAlertText()'><b>verifyContextMenuAlertText</b><br>Test class: herokuapp.milestorefour.pagestest.ContextMenuTest</td>
<td></td>
<td>1</td>
<td>herokuapp.milestorefour.pagestest.ContextMenuTest@186f8716</td></tr>
<tr>
<td title='herokuapp.milestorefour.pagestest.BasicAuthTest.verifyBasicAuthContentDisplayed()'><b>verifyBasicAuthContentDisplayed</b><br>Test class: herokuapp.milestorefour.pagestest.BasicAuthTest</td>
<td></td>
<td>4</td>
<td>herokuapp.milestorefour.pagestest.BasicAuthTest@65b3f4a4</td></tr>
<tr>
<td title='herokuapp.milestorefour.pagestest.BasicAuthTest.verifyBasicAuthSuccessMessage()'><b>verifyBasicAuthSuccessMessage</b><br>Test class: herokuapp.milestorefour.pagestest.BasicAuthTest</td>
<td></td>
<td>4</td>
<td>herokuapp.milestorefour.pagestest.BasicAuthTest@65b3f4a4</td></tr>
<tr>
<td title='herokuapp.milestorefour.pagestest.DisappearingElementsTest.verifyMenuItemsPresent()'><b>verifyMenuItemsPresent</b><br>Test class: herokuapp.milestorefour.pagestest.DisappearingElementsTest</td>
<td></td>
<td>0</td>
<td>herokuapp.milestorefour.pagestest.DisappearingElementsTest@5ab9e72c</td></tr>
<tr>
<td title='herokuapp.milestorefour.pagestest.BrokenImagesTest.verifyBrokenImagesPageUrl()'><b>verifyBrokenImagesPageUrl</b><br>Test class: herokuapp.milestorefour.pagestest.BrokenImagesTest</td>
<td></td>
<td>0</td>
<td>herokuapp.milestorefour.pagestest.BrokenImagesTest@f2ff811</td></tr>
<tr>
<td title='herokuapp.milestorefour.pagestest.AddRemoveElementsTest.verifyDeleteElementFunctionality()'><b>verifyDeleteElementFunctionality</b><br>Test class: herokuapp.milestorefour.pagestest.AddRemoveElementsTest</td>
<td></td>
<td>0</td>
<td>herokuapp.milestorefour.pagestest.AddRemoveElementsTest@1018bde2</td></tr>
</table><p>
</body>
</html>