<?xml version="1.0" encoding="UTF-8"?>
<!-- Generated by org.testng.reporters.JUnitXMLReporter -->
<testsuite ignored="0" hostname="DESKTOP-MAH6PC0" failures="1" tests="38" name="Firefox Test" time="926.89" errors="0" timestamp="2026-01-26T15:56:50 IST">
  <testcase classname="herokuapp.milestorefour.pagestest.ABTestingTest" name="verifyABTestPageTitle" time="1.3"/>
  <testcase classname="herokuapp.milestorefour.pagestest.AddRemoveElementsTest" name="verifyAddRemovePageTitle" time="0.785"/>
  <testcase classname="herokuapp.milestorefour.pagestest.BasicAuthTest" name="verifyBasicAuthPageTitle" time="6.87"/>
  <testcase classname="herokuapp.milestorefour.pagestest.BrokenImagesTest" name="verifyBrokenImagesPageTitle" time="0.782"/>
  <testcase classname="herokuapp.milestorefour.pagestest.ChallengingDOMTest" name="verifyChallengingDOMPageTitle" time="0.831"/>
  <testcase classname="herokuapp.milestorefour.pagestest.CheckboxesTest" name="verifyCheckboxesPageTitle" time="0.637"/>
  <testcase classname="herokuapp.milestorefour.pagestest.ContextMenuTest" name="verifyContextMenuPageTitle" time="0.734"/>
  <testcase classname="herokuapp.milestorefour.pagestest.DigestAuthTest" name="verifyDigestAuthPageTitle" time="3.867"/>
  <testcase classname="herokuapp.milestorefour.pagestest.DisappearingElementsTest" name="verifyDisappearingElementsPageTitle" time="0.559"/>
  <testcase classname="herokuapp.milestorefour.pagestest.DragAndDropTest" name="verifyDragAndDropPageTitle" time="0.509"/>
  <testcase classname="herokuapp.milestorefour.pagestest.ABTestingTest" name="verifyABTestHeader" time="0.895"/>
  <testcase classname="herokuapp.milestorefour.pagestest.AddRemoveElementsTest" name="verifyAddRemovePageUrl" time="0.821"/>
  <testcase classname="herokuapp.milestorefour.pagestest.BasicAuthTest" name="verifyBasicAuthUrl" time="7.161"/>
  <testcase classname="herokuapp.milestorefour.pagestest.BrokenImagesTest" name="verifyBrokenImagesPageUrl" time="0.731"/>
  <testcase classname="herokuapp.milestorefour.pagestest.ChallengingDOMTest" name="verifyChallengingDOMPageUrl" time="0.894"/>
  <testcase classname="herokuapp.milestorefour.pagestest.CheckboxesTest" name="verifyCheckboxesPageUrl" time="0.965"/>
  <testcase classname="herokuapp.milestorefour.pagestest.ContextMenuTest" name="verifyContextMenuPageUrl" time="0.674"/>
  <testcase classname="herokuapp.milestorefour.pagestest.DigestAuthTest" name="verifyDigestAuthPageUrl" time="4.759"/>
  <testcase classname="herokuapp.milestorefour.pagestest.DisappearingElementsTest" name="verifyDisappearingElementsPageUrl" time="0.44"/>
  <testcase classname="herokuapp.milestorefour.pagestest.DragAndDropTest" name="verifyDragAndDropPageUrl" time="0.529"/>
  <testcase classname="herokuapp.milestorefour.pagestest.ABTestingTest" name="verifyABTestLink" time="0.537"/>
  <testcase classname="herokuapp.milestorefour.pagestest.AddRemoveElementsTest" name="verifyAddElementFunctionality" time="0.713"/>
  <testcase classname="herokuapp.milestorefour.pagestest.BasicAuthTest" name="verifyBasicAuthSuccessMessage" time="4.607"/>
  <testcase classname="herokuapp.milestorefour.pagestest.ChallengingDOMTest" name="verifyButtonsClickable" time="4.253"/>
  <testcase classname="herokuapp.milestorefour.pagestest.CheckboxesTest" name="verifyCheckboxCount" time="0.484"/>
  <testcase classname="herokuapp.milestorefour.pagestest.ContextMenuTest" name="verifyContextMenuAlertText" time="1.132"/>
  <testcase classname="herokuapp.milestorefour.pagestest.DigestAuthTest" name="verifyDigestAuthSuccessMessage" time="8.238"/>
  <testcase classname="herokuapp.milestorefour.pagestest.DragAndDropTest" name="verifyDragAndDropFunctionality" time="0.772"/>
  <testcase classname="herokuapp.milestorefour.pagestest.BrokenImagesTest" name="verifyImagesPresentOnPage" time="0.736"/>
  <testcase classname="herokuapp.milestorefour.pagestest.DisappearingElementsTest" name="verifyMenuItemsPresent" time="0.571"/>
  <testcase classname="herokuapp.milestorefour.pagestest.ABTestingTest" name="verifyABTestContent" time="0.629"/>
  <testcase classname="herokuapp.milestorefour.pagestest.BasicAuthTest" name="verifyBasicAuthContentDisplayed" time="4.317"/>
  <testcase classname="herokuapp.milestorefour.pagestest.BrokenImagesTest" name="verifyBrokenImagesCount" time="5.281"/>
  <testcase classname="herokuapp.milestorefour.pagestest.CheckboxesTest" name="verifyCheckboxSelection" time="0.868"/>
  <testcase classname="herokuapp.milestorefour.pagestest.AddRemoveElementsTest" name="verifyDeleteElementFunctionality" time="0.793"/>
  <testcase classname="herokuapp.milestorefour.pagestest.DigestAuthTest" name="verifyDigestAuthContentDisplayed" time="51.108">
    <failure type="org.openqa.selenium.NoSuchElementException" message="Unable to locate element: p
For documentation on this error, please visit: https://www.selenium.dev/documentation/webdriver/troubleshooting/errors#nosuchelementexception
Build info: version: &amp;apos;4.38.0&amp;apos;, revision: &amp;apos;6b412e825c*&amp;apos;
System info: os.name: &amp;apos;Windows 10&amp;apos;, os.arch: &amp;apos;amd64&amp;apos;, os.version: &amp;apos;10.0&amp;apos;, java.version: &amp;apos;22.0.1&amp;apos;
Driver info: org.openqa.selenium.firefox.FirefoxDriver
Command: [89801d5d-a757-4ebf-8558-c9487950486c, findElement {value=p, using=tag name}]
Capabilities {acceptInsecureCerts: true, browserName: firefox, browserVersion: 146.0.1, moz:accessibilityChecks: false, moz:buildID: 20251217121356, moz:geckodriverVersion: 0.36.0, moz:headless: false, moz:platformVersion: 10.0, moz:processID: 16768, moz:profile: C:\Users\HARSHK~1\AppData\L..., moz:shutdownTimeout: 60000, moz:webdriverClick: true, moz:windowless: false, pageLoadStrategy: normal, platformName: windows, proxy: Proxy(), setWindowRect: true, strictFileInteractability: false, timeouts: {implicit: 0, pageLoad: 300000, script: 30000}, unhandledPromptBehavior: dismiss and notify, userAgent: Mozilla/5.0 (Windows NT 10....}
Session ID: 89801d5d-a757-4ebf-8558-c9487950486c">
      <![CDATA[org.openqa.selenium.NoSuchElementException: Unable to locate element: p
For documentation on this error, please visit: https://www.selenium.dev/documentation/webdriver/troubleshooting/errors#nosuchelementexception
Build info: version: '4.38.0', revision: '6b412e825c*'
System info: os.name: 'Windows 10', os.arch: 'amd64', os.version: '10.0', java.version: '22.0.1'
Driver info: org.openqa.selenium.firefox.FirefoxDriver
Command: [89801d5d-a757-4ebf-8558-c9487950486c, findElement {value=p, using=tag name}]
Capabilities {acceptInsecureCerts: true, browserName: firefox, browserVersion: 146.0.1, moz:accessibilityChecks: false, moz:buildID: 20251217121356, moz:geckodriverVersion: 0.36.0, moz:headless: false, moz:platformVersion: 10.0, moz:processID: 16768, moz:profile: C:\Users\HARSHK~1\AppData\L..., moz:shutdownTimeout: 60000, moz:webdriverClick: true, moz:windowless: false, pageLoadStrategy: normal, platformName: windows, proxy: Proxy(), setWindowRect: true, strictFileInteractability: false, timeouts: {implicit: 0, pageLoad: 300000, script: 30000}, unhandledPromptBehavior: dismiss and notify, userAgent: Mozilla/5.0 (Windows NT 10....}
Session ID: 89801d5d-a757-4ebf-8558-c9487950486c
at org.openqa.selenium.remote.ErrorCodec.decode(ErrorCodec.java:167)
at org.openqa.selenium.remote.codec.w3c.W3CHttpResponseCodec.decode(W3CHttpResponseCodec.java:138)
at org.openqa.selenium.remote.codec.w3c.W3CHttpResponseCodec.decode(W3CHttpResponseCodec.java:50)
at org.openqa.selenium.remote.HttpCommandExecutor.execute(HttpCommandExecutor.java:215)
at org.openqa.selenium.remote.service.DriverCommandExecutor.invokeExecute(DriverCommandExecutor.java:216)
at org.openqa.selenium.remote.service.DriverCommandExecutor.execute(DriverCommandExecutor.java:174)
at org.openqa.selenium.remote.RemoteWebDriver.execute(RemoteWebDriver.java:557)
at org.openqa.selenium.remote.ElementLocation$ElementFinder$2.findElement(ElementLocation.java:165)
at org.openqa.selenium.remote.ElementLocation.findElement(ElementLocation.java:59)
at org.openqa.selenium.remote.RemoteWebDriver.findElement(RemoteWebDriver.java:380)
at org.openqa.selenium.remote.RemoteWebDriver.findElement(RemoteWebDriver.java:374)
at org.openqa.selenium.support.pagefactory.DefaultElementLocator.findElement(DefaultElementLocator.java:68)
at org.openqa.selenium.support.pagefactory.internal.LocatingElementHandler.invoke(LocatingElementHandler.java:38)
at jdk.proxy2/jdk.proxy2.$Proxy19.isDisplayed(Unknown Source)
at herokuapp.milestorefour.pages.DigestAuthPage.isSuccessMessageDisplayed(DigestAuthPage.java:42)
at herokuapp.milestorefour.pagestest.DigestAuthTest.verifyDigestAuthContentDisplayed(DigestAuthTest.java:43)
at java.base/java.util.ArrayList.forEach(ArrayList.java:1597)
at java.base/java.util.concurrent.FutureTask.run(FutureTask.java:317)
at java.base/java.util.concurrent.ThreadPoolExecutor.runWorker(ThreadPoolExecutor.java:1144)
at java.base/java.util.concurrent.ThreadPoolExecutor$Worker.run(ThreadPoolExecutor.java:642)
at java.base/java.lang.Thread.run(Thread.java:1570)
... Removed 18 stack frames]]>
    </failure>
  </testcase> <!-- verifyDigestAuthContentDisplayed -->
  <testcase classname="herokuapp.milestorefour.pagestest.DisappearingElementsTest" name="verifyGalleryMayDisappear" time="0.609"/>
  <testcase classname="herokuapp.milestorefour.pagestest.ChallengingDOMTest" name="verifyTableDataPresent" time="0.618"/>
</testsuite> <!-- Firefox Test -->
