<?xml version="1.0" encoding="UTF-8"?>
<!-- Generated by org.testng.reporters.JUnitReportReporter -->
<testsuite hostname="DESKTOP-MAH6PC0" failures="0" tests="4" name="com.milestone.four.pagestest.BasicAuthTest" time="2.351" errors="0" timestamp="2026-01-28T00:14:23 IST" skipped="0">
  <testcase classname="com.milestone.four.pagestest.BasicAuthTest" name="verifyBasicAuthPageTitle" time="0.653"/>
  <testcase classname="com.milestone.four.pagestest.BasicAuthTest" name="verifyBasicAuthUrl" time="0.562"/>
  <testcase classname="com.milestone.four.pagestest.BasicAuthTest" name="verifyBasicAuthSuccessMessage" time="0.566"/>
  <testcase classname="com.milestone.four.pagestest.BasicAuthTest" name="verifyBasicAuthContentDisplayed" time="0.570"/>
</testsuite> <!-- com.milestone.four.pagestest.BasicAuthTest -->
