<?xml version="1.0" encoding="UTF-8"?>
<!-- Generated by org.testng.reporters.JUnitReportReporter -->
<testsuite hostname="DESKTOP-MAH6PC0" failures="0" tests="4" name="com.milestone.four.pagestest.BrokenImagesTest" time="13.196" errors="0" timestamp="2026-01-28T00:14:23 IST" skipped="0">
  <testcase classname="com.milestone.four.pagestest.BrokenImagesTest" name="verifyBrokenImagesPageTitle" time="7.481"/>
  <testcase classname="com.milestone.four.pagestest.BrokenImagesTest" name="verifyBrokenImagesPageUrl" time="0.538"/>
  <testcase classname="com.milestone.four.pagestest.BrokenImagesTest" name="verifyImagesPresentOnPage" time="0.548"/>
  <testcase classname="com.milestone.four.pagestest.BrokenImagesTest" name="verifyBrokenImagesCount" time="4.629"/>
</testsuite> <!-- com.milestone.four.pagestest.BrokenImagesTest -->
