<?xml version="1.0" encoding="UTF-8"?>
<!-- Generated by org.testng.reporters.JUnitReportReporter -->
<testsuite hostname="DESKTOP-MAH6PC0" failures="0" tests="4" name="com.milestone.four.pagestest.ChallengingDOMTest" time="3.754" errors="0" timestamp="2026-01-28T00:14:23 IST" skipped="0">
  <testcase classname="com.milestone.four.pagestest.ChallengingDOMTest" name="verifyChallengingDOMPageTitle" time="0.521"/>
  <testcase classname="com.milestone.four.pagestest.ChallengingDOMTest" name="verifyChallengingDOMPageUrl" time="0.371"/>
  <testcase classname="com.milestone.four.pagestest.ChallengingDOMTest" name="verifyButtonsClickable" time="1.803"/>
  <testcase classname="com.milestone.four.pagestest.ChallengingDOMTest" name="verifyTableDataPresent" time="1.059"/>
</testsuite> <!-- com.milestone.four.pagestest.ChallengingDOMTest -->
