<?xml version="1.0" encoding="UTF-8"?>
<!-- Generated by org.testng.reporters.JUnitXMLReporter -->
<testsuite ignored="0" hostname="DESKTOP-MAH6PC0" failures="0" tests="4" name="Chrome Test" time="51.79" errors="0" timestamp="2026-01-24T19:43:49 IST">
  <testcase classname="herokuapp.milestorefour.pagestest.ABTestingTest" name="verifyABTestPageTitle" time="1.702"/>
  <testcase classname="herokuapp.milestorefour.pagestest.ABTestingTest" name="verifyABTestHeader" time="1.035"/>
  <testcase classname="herokuapp.milestorefour.pagestest.ABTestingTest" name="verifyABTestLink" time="0.964"/>
  <testcase classname="herokuapp.milestorefour.pagestest.ABTestingTest" name="verifyABTestContent" time="0.914"/>
</testsuite> <!-- Chrome Test -->
