<?xml version="1.0" encoding="UTF-8"?>
<!-- Generated by org.testng.reporters.JUnitXMLReporter -->
<testsuite ignored="0" hostname="DESKTOP-MAH6PC0" failures="1" tests="4" name="Firefox Test" time="79.684" errors="0" timestamp="2026-01-24T19:44:17 IST">
  <testcase classname="herokuapp.milestorefour.pagestest.ABTestingTest" name="verifyABTestPageTitle" time="1.899"/>
  <testcase classname="herokuapp.milestorefour.pagestest.ABTestingTest" name="verifyABTestHeader" time="1.805">
    <failure type="java.lang.AssertionError" message="A/B Test Variation 1 expected [A/B Test Control] but found [A/B Test Variation 1]">
      <![CDATA[java.lang.AssertionError: A/B Test Variation 1 expected [A/B Test Control] but found [A/B Test Variation 1]
at herokuapp.milestorefour.pagestest.ABTestingTest.verifyABTestHeader(ABTestingTest.java:23)
at java.base/java.util.ArrayList.forEach(ArrayList.java:1597)
at java.base/java.util.concurrent.FutureTask.run(FutureTask.java:317)
at java.base/java.util.concurrent.ThreadPoolExecutor.runWorker(ThreadPoolExecutor.java:1144)
at java.base/java.util.concurrent.ThreadPoolExecutor$Worker.run(ThreadPoolExecutor.java:642)
at java.base/java.lang.Thread.run(Thread.java:1570)
... Removed 20 stack frames]]>
    </failure>
  </testcase> <!-- verifyABTestHeader -->
  <testcase classname="herokuapp.milestorefour.pagestest.ABTestingTest" name="verifyABTestLink" time="0.732"/>
  <testcase classname="herokuapp.milestorefour.pagestest.ABTestingTest" name="verifyABTestContent" time="0.75"/>
</testsuite> <!-- Firefox Test -->
