<?xml version="1.0" encoding="UTF-8"?>
<!-- Generated by org.testng.reporters.JUnitXMLReporter -->
<testsuite ignored="0" hostname="DESKTOP-MAH6PC0" failures="0" tests="20" name="Test" time="205.635" errors="0" timestamp="2026-01-27T19:40:43 IST">
  <testcase classname="herokuapp.milestorefour.pagestest.ABTestingTest" name="verifyABTestPageTitle" time="0.607"/>
  <testcase classname="herokuapp.milestorefour.pagestest.ABTestingTest" name="verifyABTestHeader" time="0.599"/>
  <testcase classname="herokuapp.milestorefour.pagestest.ABTestingTest" name="verifyABTestLink" time="2.714"/>
  <testcase classname="herokuapp.milestorefour.pagestest.ABTestingTest" name="verifyABTestContent" time="0.652"/>
  <testcase classname="herokuapp.milestorefour.pagestest.AddRemoveElementsTest" name="verifyAddRemovePageTitle" time="0.619"/>
  <testcase classname="herokuapp.milestorefour.pagestest.AddRemoveElementsTest" name="verifyAddRemovePageUrl" time="0.574"/>
  <testcase classname="herokuapp.milestorefour.pagestest.AddRemoveElementsTest" name="verifyAddElementFunctionality" time="0.781"/>
  <testcase classname="herokuapp.milestorefour.pagestest.AddRemoveElementsTest" name="verifyDeleteElementFunctionality" time="0.854"/>
  <testcase classname="herokuapp.milestorefour.pagestest.BasicAuthTest" name="verifyBasicAuthPageTitle" time="3.174"/>
  <testcase classname="herokuapp.milestorefour.pagestest.BasicAuthTest" name="verifyBasicAuthUrl" time="0.769"/>
  <testcase classname="herokuapp.milestorefour.pagestest.BasicAuthTest" name="verifyBasicAuthSuccessMessage" time="0.797"/>
  <testcase classname="herokuapp.milestorefour.pagestest.BasicAuthTest" name="verifyBasicAuthContentDisplayed" time="7.255"/>
  <testcase classname="herokuapp.milestorefour.pagestest.BrokenImagesTest" name="verifyBrokenImagesPageTitle" time="0.596"/>
  <testcase classname="herokuapp.milestorefour.pagestest.BrokenImagesTest" name="verifyBrokenImagesPageUrl" time="0.589"/>
  <testcase classname="herokuapp.milestorefour.pagestest.BrokenImagesTest" name="verifyImagesPresentOnPage" time="0.6"/>
  <testcase classname="herokuapp.milestorefour.pagestest.BrokenImagesTest" name="verifyBrokenImagesCount" time="4.163"/>
  <testcase classname="herokuapp.milestorefour.pagestest.ChallengingDOMTest" name="verifyChallengingDOMPageTitle" time="0.421"/>
  <testcase classname="herokuapp.milestorefour.pagestest.ChallengingDOMTest" name="verifyChallengingDOMPageUrl" time="5.609"/>
  <testcase classname="herokuapp.milestorefour.pagestest.ChallengingDOMTest" name="verifyButtonsClickable" time="2.07"/>
  <testcase classname="herokuapp.milestorefour.pagestest.ChallengingDOMTest" name="verifyTableDataPresent" time="0.505"/>
</testsuite> <!-- Test -->
